2025-07-03T14:41:10.650+05:30  INFO 11976 --- [DRUG-INVENTORY] [restartedMain] c.d.DrugInventoryServiceApplication      : Starting DrugInventoryServiceApplication using Java 21.0.7 with PID 11976 (C:\Users\SHISINGH\Pharamacy-Management-System\DrugInventoryService\target\classes started by shisingh in C:\Users\SHISINGH\Pharamacy-Management-System\DrugInventoryService)
2025-07-03T14:41:10.659+05:30  INFO 11976 --- [DRUG-INVENTORY] [restartedMain] c.d.DrugInventoryServiceApplication      : No active profile set, falling back to 1 default profile: "default"
2025-07-03T14:41:10.734+05:30  INFO 11976 --- [DRUG-INVENTORY] [restartedMain] .e.DevToolsPropertyDefaultsPostProcessor : Devtools property defaults active! Set 'spring.devtools.add-properties' to 'false' to disable
2025-07-03T14:41:10.735+05:30  INFO 11976 --- [DRUG-INVENTORY] [restartedMain] .e.DevToolsPropertyDefaultsPostProcessor : For additional web related logging consider setting the 'logging.level.web' property to 'DEBUG'
2025-07-03T14:41:12.694+05:30  INFO 11976 --- [DRUG-INVENTORY] [restartedMain] .s.d.r.c.RepositoryConfigurationDelegate : Bootstrapping Spring Data JPA repositories in DEFAULT mode.
2025-07-03T14:41:12.852+05:30  INFO 11976 --- [DRUG-INVENTORY] [restartedMain] .s.d.r.c.RepositoryConfigurationDelegate : Finished Spring Data repository scanning in 149 ms. Found 1 JPA repository interface.
2025-07-03T14:41:13.145+05:30  INFO 11976 --- [DRUG-INVENTORY] [restartedMain] o.s.cloud.context.scope.GenericScope     : BeanFactory id=fd237802-283a-3047-9412-6825e049c7ce
2025-07-03T14:41:14.198+05:30  INFO 11976 --- [DRUG-INVENTORY] [restartedMain] o.s.b.w.embedded.tomcat.TomcatWebServer  : Tomcat initialized with port 9092 (http)
2025-07-03T14:41:14.212+05:30  INFO 11976 --- [DRUG-INVENTORY] [restartedMain] o.apache.catalina.core.StandardService   : Starting service [Tomcat]
2025-07-03T14:41:14.212+05:30  INFO 11976 --- [DRUG-INVENTORY] [restartedMain] o.apache.catalina.core.StandardEngine    : Starting Servlet engine: [Apache Tomcat/10.1.42]
2025-07-03T14:41:14.295+05:30  INFO 11976 --- [DRUG-INVENTORY] [restartedMain] o.a.c.c.C.[Tomcat].[localhost].[/]       : Initializing Spring embedded WebApplicationContext
2025-07-03T14:41:14.296+05:30  INFO 11976 --- [DRUG-INVENTORY] [restartedMain] w.s.c.ServletWebServerApplicationContext : Root WebApplicationContext: initialization completed in 3560 ms
2025-07-03T14:41:14.870+05:30  INFO 11976 --- [DRUG-INVENTORY] [restartedMain] o.hibernate.jpa.internal.util.LogHelper  : HHH000204: Processing PersistenceUnitInfo [name: default]
2025-07-03T14:41:14.946+05:30  INFO 11976 --- [DRUG-INVENTORY] [restartedMain] org.hibernate.Version                    : HHH000412: Hibernate ORM core version 6.6.18.Final
2025-07-03T14:41:14.982+05:30  INFO 11976 --- [DRUG-INVENTORY] [restartedMain] o.h.c.internal.RegionFactoryInitiator    : HHH000026: Second-level cache disabled
2025-07-03T14:41:15.460+05:30  INFO 11976 --- [DRUG-INVENTORY] [restartedMain] o.s.o.j.p.SpringPersistenceUnitInfo      : No LoadTimeWeaver setup: ignoring JPA class transformer
2025-07-03T14:41:15.501+05:30  INFO 11976 --- [DRUG-INVENTORY] [restartedMain] com.zaxxer.hikari.HikariDataSource       : HikariPool-1 - Starting...
2025-07-03T14:41:15.994+05:30  INFO 11976 --- [DRUG-INVENTORY] [restartedMain] com.zaxxer.hikari.pool.HikariPool        : HikariPool-1 - Added connection org.postgresql.jdbc.PgConnection@5d2e36ec
2025-07-03T14:41:15.998+05:30  INFO 11976 --- [DRUG-INVENTORY] [restartedMain] com.zaxxer.hikari.HikariDataSource       : HikariPool-1 - Start completed.
2025-07-03T14:41:16.076+05:30  WARN 11976 --- [DRUG-INVENTORY] [restartedMain] org.hibernate.orm.deprecation            : HHH90000025: PostgreSQLDialect does not need to be specified explicitly using 'hibernate.dialect' (remove the property setting and it will be selected by default)
2025-07-03T14:41:16.122+05:30  INFO 11976 --- [DRUG-INVENTORY] [restartedMain] org.hibernate.orm.connections.pooling    : HHH10001005: Database info:
	Database JDBC URL [Connecting through datasource 'HikariDataSource (HikariPool-1)']
	Database driver: undefined/unknown
	Database version: 17.4
	Autocommit mode: undefined/unknown
	Isolation level: undefined/unknown
	Minimum pool size: undefined/unknown
	Maximum pool size: undefined/unknown
2025-07-03T14:41:17.348+05:30  INFO 11976 --- [DRUG-INVENTORY] [restartedMain] o.h.e.t.j.p.i.JtaPlatformInitiator       : HHH000489: No JTA platform available (set 'hibernate.transaction.jta.platform' to enable JTA platform integration)
2025-07-03T14:41:17.422+05:30  INFO 11976 --- [DRUG-INVENTORY] [restartedMain] j.LocalContainerEntityManagerFactoryBean : Initialized JPA EntityManagerFactory for persistence unit 'default'
2025-07-03T14:41:17.988+05:30  INFO 11976 --- [DRUG-INVENTORY] [restartedMain] o.s.d.j.r.query.QueryEnhancerFactory     : Hibernate is in classpath; If applicable, HQL parser will be used.
2025-07-03T14:41:18.610+05:30  INFO 11976 --- [DRUG-INVENTORY] [restartedMain] c.d.aspect.LoggingAspect                 : Invoking method: SwaggerConfig$$SpringCGLIB$$0#customOpenAPI
2025-07-03T14:41:18.781+05:30  WARN 11976 --- [DRUG-INVENTORY] [restartedMain] JpaBaseConfiguration$JpaWebConfiguration : spring.jpa.open-in-view is enabled by default. Therefore, database queries may be performed during view rendering. Explicitly configure spring.jpa.open-in-view to disable this warning
2025-07-03T14:41:20.598+05:30  INFO 11976 --- [DRUG-INVENTORY] [restartedMain] o.s.cloud.commons.util.InetUtils         : Cannot determine local hostname
2025-07-03T14:41:21.381+05:30  WARN 11976 --- [DRUG-INVENTORY] [restartedMain] o.s.b.d.a.OptionalLiveReloadServer       : Unable to start LiveReload server
2025-07-03T14:41:22.404+05:30  INFO 11976 --- [DRUG-INVENTORY] [restartedMain] o.s.cloud.commons.util.InetUtils         : Cannot determine local hostname
2025-07-03T14:41:22.454+05:30  INFO 11976 --- [DRUG-INVENTORY] [restartedMain] DiscoveryClientOptionalArgsConfiguration : Eureka HTTP Client uses RestTemplate.
2025-07-03T14:41:22.526+05:30  WARN 11976 --- [DRUG-INVENTORY] [restartedMain] iguration$LoadBalancerCaffeineWarnLogger : Spring Cloud LoadBalancer is currently working with the default cache. While this cache implementation is useful for development and tests, it's recommended to use Caffeine cache in production.You can switch to using Caffeine cache, by adding it and org.springframework.cache.caffeine.CaffeineCacheManager to the classpath.
2025-07-03T14:41:22.535+05:30  INFO 11976 --- [DRUG-INVENTORY] [restartedMain] o.s.b.a.e.web.EndpointLinksResolver      : Exposing 2 endpoints beneath base path '/actuator'
2025-07-03T14:41:22.676+05:30  INFO 11976 --- [DRUG-INVENTORY] [restartedMain] o.s.c.n.eureka.InstanceInfoFactory       : Setting initial instance status as: STARTING
2025-07-03T14:41:22.709+05:30  INFO 11976 --- [DRUG-INVENTORY] [restartedMain] com.netflix.discovery.DiscoveryClient    : Initializing Eureka in region us-east-1
2025-07-03T14:41:22.714+05:30  INFO 11976 --- [DRUG-INVENTORY] [restartedMain] c.n.d.s.r.aws.ConfigClusterResolver      : Resolving eureka endpoints via configuration
2025-07-03T14:41:22.727+05:30  INFO 11976 --- [DRUG-INVENTORY] [restartedMain] com.netflix.discovery.DiscoveryClient    : Disable delta property : false
2025-07-03T14:41:22.727+05:30  INFO 11976 --- [DRUG-INVENTORY] [restartedMain] com.netflix.discovery.DiscoveryClient    : Single vip registry refresh property : null
2025-07-03T14:41:22.728+05:30  INFO 11976 --- [DRUG-INVENTORY] [restartedMain] com.netflix.discovery.DiscoveryClient    : Force full registry fetch : false
2025-07-03T14:41:22.728+05:30  INFO 11976 --- [DRUG-INVENTORY] [restartedMain] com.netflix.discovery.DiscoveryClient    : Application is null : false
2025-07-03T14:41:22.728+05:30  INFO 11976 --- [DRUG-INVENTORY] [restartedMain] com.netflix.discovery.DiscoveryClient    : Registered Applications size is zero : true
2025-07-03T14:41:22.728+05:30  INFO 11976 --- [DRUG-INVENTORY] [restartedMain] com.netflix.discovery.DiscoveryClient    : Application version is -1: true
2025-07-03T14:41:22.728+05:30  INFO 11976 --